This file contains any messages produced by compilers while
running configure, to aid debugging if configure makes a mistake.

It was created by gngeo configure 0.8, which was
generated by GNU Autoconf 2.69.  Invocation command line was

  $ ./configure --host=arm-linux --target=arm-linux --disable-i386asm host_alias=arm-linux target_alias=arm-linux --no-create --no-recursion

## --------- ##
## Platform. ##
## --------- ##

hostname = raspberrypi
uname -m = armv6l
uname -r = 3.10.36+
uname -s = Linux
uname -v = #1 PREEMPT Tue Apr 8 17:13:47 CEST 2014

/usr/bin/uname -p = unknown
/bin/uname -X     = unknown

/bin/arch              = unknown
/usr/bin/arch -k       = unknown
/usr/convex/getsysinfo = unknown
/usr/bin/hostinfo      = unknown
/bin/machine           = unknown
/usr/bin/oslevel       = unknown
/bin/universe          = unknown

PATH: /usr/local/sbin
PATH: /usr/local/bin
PATH: /usr/sbin
PATH: /usr/bin
PATH: /sbin
PATH: /bin
PATH: /usr/local/games
PATH: /usr/games


## ----------- ##
## Core tests. ##
## ----------- ##

configure:2252: checking build system type
configure:2266: result: armv6l-unknown-linux-gnu
configure:2286: checking host system type
configure:2299: result: arm-unknown-linux-gnu
configure:2319: checking target system type
configure:2332: result: arm-unknown-linux-gnu
configure:2378: checking for a BSD-compatible install
configure:2446: result: /usr/bin/install -c
configure:2457: checking whether build environment is sane
configure:2507: result: yes
configure:2556: checking for arm-linux-strip
configure:2586: result: no
configure:2596: checking for strip
configure:2612: found /usr/bin/strip
configure:2623: result: strip
configure:2648: checking for a thread-safe mkdir -p
configure:2687: result: /bin/mkdir -p
configure:2700: checking for gawk
configure:2730: result: no
configure:2700: checking for mawk
configure:2716: found /usr/bin/mawk
configure:2727: result: mawk
configure:2738: checking whether make sets $(MAKE)
configure:2760: result: yes
configure:2789: checking whether make supports nested variables
configure:2806: result: yes
configure:2890: checking whether make supports nested variables
configure:2907: result: yes
configure:2935: checking for arm-linux-gcc
configure:2965: result: no
configure:2975: checking for gcc
configure:2991: found /usr/local/bin/gcc
configure:3002: result: gcc
configure:3231: checking for C compiler version
configure:3240: gcc --version >&5
gcc (Debian 4.6.3-14+rpi1) 4.6.3
Copyright (C) 2011 Free Software Foundation, Inc.
This is free software; see the source for copying conditions.  There is NO
warranty; not even for MERCHANTABILITY or FITNESS FOR A PARTICULAR PURPOSE.

configure:3251: $? = 0
configure:3240: gcc -v >&5
Using built-in specs.
COLLECT_GCC=gcc
COLLECT_LTO_WRAPPER=/usr/lib/gcc/arm-linux-gnueabihf/4.6/lto-wrapper
Target: arm-linux-gnueabihf
Configured with: ../src/configure -v --with-pkgversion='Debian 4.6.3-14+rpi1' --with-bugurl=file:///usr/share/doc/gcc-4.6/README.Bugs --enable-languages=c,c++,fortran,objc,obj-c++ --prefix=/usr --program-suffix=-4.6 --enable-shared --enable-linker-build-id --with-system-zlib --libexecdir=/usr/lib --without-included-gettext --enable-threads=posix --with-gxx-include-dir=/usr/include/c++/4.6 --libdir=/usr/lib --enable-nls --with-sysroot=/ --enable-clocale=gnu --enable-libstdcxx-debug --enable-libstdcxx-time=yes --enable-gnu-unique-object --enable-plugin --enable-objc-gc --disable-sjlj-exceptions --with-arch=armv6 --with-fpu=vfp --with-float=hard --enable-checking=release --build=arm-linux-gnueabihf --host=arm-linux-gnueabihf --target=arm-linux-gnueabihf
Thread model: posix
gcc version 4.6.3 (Debian 4.6.3-14+rpi1) 
configure:3251: $? = 0
configure:3240: gcc -V >&5
gcc: error: unrecognized option '-V'
gcc: fatal error: no input files
compilation terminated.
distcc[6512] ERROR: compile (null) on localhost failed with exit code 4
configure:3251: $? = 4
configure:3240: gcc -qversion >&5
gcc: error: unrecognized option '-qversion'
gcc: fatal error: no input files
compilation terminated.
distcc[6518] ERROR: compile (null) on localhost failed with exit code 4
configure:3251: $? = 4
configure:3271: checking whether the C compiler works
configure:3293: gcc    conftest.c  >&5
configure:3297: $? = 0
configure:3345: result: yes
configure:3348: checking for C compiler default output file name
configure:3350: result: a.out
configure:3356: checking for suffix of executables
configure:3363: gcc -o conftest    conftest.c  >&5
configure:3367: $? = 0
configure:3389: result: 
configure:3411: checking whether we are cross compiling
configure:3419: gcc -o conftest    conftest.c  >&5
configure:3423: $? = 0
configure:3430: ./conftest
configure:3434: $? = 0
configure:3449: result: no
configure:3454: checking for suffix of object files
configure:3476: gcc -c   conftest.c >&5
configure:3480: $? = 0
configure:3501: result: o
configure:3505: checking whether we are using the GNU C compiler
configure:3524: gcc -c   conftest.c >&5
configure:3524: $? = 0
configure:3533: result: yes
configure:3542: checking whether gcc accepts -g
configure:3562: gcc -c -g  conftest.c >&5
configure:3562: $? = 0
configure:3603: result: yes
configure:3620: checking for gcc option to accept ISO C89
configure:3683: gcc  -c -g -O2  conftest.c >&5
configure:3683: $? = 0
configure:3696: result: none needed
configure:3727: checking for style of include used by make
configure:3755: result: GNU
configure:3781: checking dependency style of gcc
configure:3892: result: gcc3
configure:3910: checking for arm-linux-ranlib
configure:3940: result: no
configure:3950: checking for ranlib
configure:3966: found /usr/bin/ranlib
configure:3977: result: ranlib
configure:4008: checking dependency style of gcc
configure:4117: result: gcc3
configure:4281: checking for sdl-config
configure:4299: found /usr/bin/sdl-config
configure:4312: result: /usr/bin/sdl-config
configure:4322: checking for SDL - version >= 1.2.0
configure:4409: gcc -o conftest -g -O2 -I/usr/include/SDL -D_GNU_SOURCE=1 -D_REENTRANT   conftest.c  -L/usr/lib/arm-linux-gnueabihf -lSDL >&5
configure:4409: $? = 0
configure:4409: ./conftest
configure:4409: $? = 0
configure:4424: result: yes
configure:4558: checking for acos in -lm
configure:4583: gcc -o conftest -g -O2 -I/usr/include/SDL -D_GNU_SOURCE=1 -D_REENTRANT   conftest.c -lm   -L/usr/lib/arm-linux-gnueabihf -lSDL >&5
conftest.c:18:6: warning: conflicting types for built-in function 'acos' [enabled by default]
configure:4583: $? = 0
configure:4592: result: yes
configure:4603: checking for inflate in -lz
configure:4628: gcc -o conftest -g -O2 -I/usr/include/SDL -D_GNU_SOURCE=1 -D_REENTRANT   conftest.c -lz  -lm  -L/usr/lib/arm-linux-gnueabihf -lSDL >&5
configure:4628: $? = 0
configure:4637: result: yes
configure:4652: checking for getopt_long
configure:4652: gcc -o conftest -g -O2 -I/usr/include/SDL -D_GNU_SOURCE=1 -D_REENTRANT   conftest.c -lz -lm  -L/usr/lib/arm-linux-gnueabihf -lSDL >&5
configure:4652: $? = 0
configure:4652: result: yes
configure:4675: checking for scandir
configure:4675: gcc -o conftest -g -O2 -I/usr/include/SDL -D_GNU_SOURCE=1 -D_REENTRANT   conftest.c -lz -lm  -L/usr/lib/arm-linux-gnueabihf -lSDL >&5
configure:4675: $? = 0
configure:4675: result: yes
configure:4686: checking for basename
configure:4686: gcc -o conftest -g -O2 -I/usr/include/SDL -D_GNU_SOURCE=1 -D_REENTRANT   conftest.c -lz -lm  -L/usr/lib/arm-linux-gnueabihf -lSDL >&5
configure:4686: $? = 0
configure:4686: result: yes
configure:4697: checking for mmap
configure:4697: gcc -o conftest -g -O2 -I/usr/include/SDL -D_GNU_SOURCE=1 -D_REENTRANT   conftest.c -lz -lm  -L/usr/lib/arm-linux-gnueabihf -lSDL >&5
configure:4697: $? = 0
configure:4697: result: yes
configure:4874: checking how to run the C preprocessor
configure:4905: gcc -E  conftest.c
configure:4905: $? = 0
configure:4919: gcc -E  conftest.c
conftest.c:19:28: fatal error: ac_nonexistent.h: No such file or directory
compilation terminated.
distcc[6765] ERROR: compile (null) on localhost failed
configure:4919: $? = 1
configure: failed program was:
| /* confdefs.h */
| #define PACKAGE_NAME "gngeo"
| #define PACKAGE_TARNAME "gngeo"
| #define PACKAGE_VERSION "0.8"
| #define PACKAGE_STRING "gngeo 0.8"
| #define PACKAGE_BUGREPORT ""
| #define PACKAGE_URL ""
| #define PACKAGE "gngeo"
| #define VERSION "0.8"
| #define HAVE_LIBM 1
| #define HAVE_LIBZ 1
| #define HAVE_GETOPT_LONG 1
| #define HAVE_SCANDIR 1
| #define HAVE_BASENAME 1
| #define HAVE_MMAP 1
| #define USE_CYCLONE 1
| #define USE_DRZ80 1
| /* end confdefs.h.  */
| #include <ac_nonexistent.h>
configure:4944: result: gcc -E
configure:4964: gcc -E  conftest.c
configure:4964: $? = 0
configure:4978: gcc -E  conftest.c
conftest.c:19:28: fatal error: ac_nonexistent.h: No such file or directory
compilation terminated.
distcc[6781] ERROR: compile (null) on localhost failed
configure:4978: $? = 1
configure: failed program was:
| /* confdefs.h */
| #define PACKAGE_NAME "gngeo"
| #define PACKAGE_TARNAME "gngeo"
| #define PACKAGE_VERSION "0.8"
| #define PACKAGE_STRING "gngeo 0.8"
| #define PACKAGE_BUGREPORT ""
| #define PACKAGE_URL ""
| #define PACKAGE "gngeo"
| #define VERSION "0.8"
| #define HAVE_LIBM 1
| #define HAVE_LIBZ 1
| #define HAVE_GETOPT_LONG 1
| #define HAVE_SCANDIR 1
| #define HAVE_BASENAME 1
| #define HAVE_MMAP 1
| #define USE_CYCLONE 1
| #define USE_DRZ80 1
| /* end confdefs.h.  */
| #include <ac_nonexistent.h>
configure:5007: checking for grep that handles long lines and -e
configure:5065: result: /bin/grep
configure:5070: checking for egrep
configure:5132: result: /bin/grep -E
configure:5137: checking for ANSI C header files
configure:5157: gcc -c -g -O2 -I/usr/include/SDL -D_GNU_SOURCE=1 -D_REENTRANT  conftest.c >&5
configure:5157: $? = 0
configure:5230: gcc -o conftest -g -O2 -I/usr/include/SDL -D_GNU_SOURCE=1 -D_REENTRANT   conftest.c -lz -lm  -L/usr/lib/arm-linux-gnueabihf -lSDL >&5
configure:5230: $? = 0
configure:5230: ./conftest
configure:5230: $? = 0
configure:5241: result: yes
configure:5254: checking for sys/types.h
configure:5254: gcc -c -g -O2 -I/usr/include/SDL -D_GNU_SOURCE=1 -D_REENTRANT  conftest.c >&5
configure:5254: $? = 0
configure:5254: result: yes
configure:5254: checking for sys/stat.h
configure:5254: gcc -c -g -O2 -I/usr/include/SDL -D_GNU_SOURCE=1 -D_REENTRANT  conftest.c >&5
configure:5254: $? = 0
configure:5254: result: yes
configure:5254: checking for stdlib.h
configure:5254: gcc -c -g -O2 -I/usr/include/SDL -D_GNU_SOURCE=1 -D_REENTRANT  conftest.c >&5
configure:5254: $? = 0
configure:5254: result: yes
configure:5254: checking for string.h
configure:5254: gcc -c -g -O2 -I/usr/include/SDL -D_GNU_SOURCE=1 -D_REENTRANT  conftest.c >&5
configure:5254: $? = 0
configure:5254: result: yes
configure:5254: checking for memory.h
configure:5254: gcc -c -g -O2 -I/usr/include/SDL -D_GNU_SOURCE=1 -D_REENTRANT  conftest.c >&5
configure:5254: $? = 0
configure:5254: result: yes
configure:5254: checking for strings.h
configure:5254: gcc -c -g -O2 -I/usr/include/SDL -D_GNU_SOURCE=1 -D_REENTRANT  conftest.c >&5
configure:5254: $? = 0
configure:5254: result: yes
configure:5254: checking for inttypes.h
configure:5254: gcc -c -g -O2 -I/usr/include/SDL -D_GNU_SOURCE=1 -D_REENTRANT  conftest.c >&5
configure:5254: $? = 0
configure:5254: result: yes
configure:5254: checking for stdint.h
configure:5254: gcc -c -g -O2 -I/usr/include/SDL -D_GNU_SOURCE=1 -D_REENTRANT  conftest.c >&5
configure:5254: $? = 0
configure:5254: result: yes
configure:5254: checking for unistd.h
configure:5254: gcc -c -g -O2 -I/usr/include/SDL -D_GNU_SOURCE=1 -D_REENTRANT  conftest.c >&5
configure:5254: $? = 0
configure:5254: result: yes
configure:5268: checking GL/gl.h usability
configure:5268: gcc -c -g -O2 -I/usr/include/SDL -D_GNU_SOURCE=1 -D_REENTRANT  conftest.c >&5
configure:5268: $? = 0
configure:5268: result: yes
configure:5268: checking GL/gl.h presence
configure:5268: gcc -E  conftest.c
configure:5268: $? = 0
configure:5268: result: yes
configure:5268: checking for GL/gl.h
configure:5268: result: yes
configure:5367: checking for dirent.h that defines DIR
configure:5386: gcc -c -g -O2 -I/usr/include/SDL -D_GNU_SOURCE=1 -D_REENTRANT  conftest.c >&5
configure:5386: $? = 0
configure:5394: result: yes
configure:5407: checking for library containing opendir
configure:5438: gcc -o conftest -g -O2 -I/usr/include/SDL -D_GNU_SOURCE=1 -D_REENTRANT   conftest.c -lz -lm  -L/usr/lib/arm-linux-gnueabihf -lSDL >&5
configure:5438: $? = 0
configure:5455: result: none required
configure:5522: checking for ANSI C header files
configure:5626: result: yes
configure:5637: checking errno.h usability
configure:5637: gcc -c -g -O2 -I/usr/include/SDL -D_GNU_SOURCE=1 -D_REENTRANT  conftest.c >&5
configure:5637: $? = 0
configure:5637: result: yes
configure:5637: checking errno.h presence
configure:5637: gcc -E  conftest.c
configure:5637: $? = 0
configure:5637: result: yes
configure:5637: checking for errno.h
configure:5637: result: yes
configure:5637: checking limits.h usability
configure:5637: gcc -c -g -O2 -I/usr/include/SDL -D_GNU_SOURCE=1 -D_REENTRANT  conftest.c >&5
configure:5637: $? = 0
configure:5637: result: yes
configure:5637: checking limits.h presence
configure:5637: gcc -E  conftest.c
configure:5637: $? = 0
configure:5637: result: yes
configure:5637: checking for limits.h
configure:5637: result: yes
configure:5637: checking malloc.h usability
configure:5637: gcc -c -g -O2 -I/usr/include/SDL -D_GNU_SOURCE=1 -D_REENTRANT  conftest.c >&5
configure:5637: $? = 0
configure:5637: result: yes
configure:5637: checking malloc.h presence
configure:5637: gcc -E  conftest.c
configure:5637: $? = 0
configure:5637: result: yes
configure:5637: checking for malloc.h
configure:5637: result: yes
configure:5637: checking stddef.h usability
configure:5637: gcc -c -g -O2 -I/usr/include/SDL -D_GNU_SOURCE=1 -D_REENTRANT  conftest.c >&5
configure:5637: $? = 0
configure:5637: result: yes
configure:5637: checking stddef.h presence
configure:5637: gcc -E  conftest.c
configure:5637: $? = 0
configure:5637: result: yes
configure:5637: checking for stddef.h
configure:5637: result: yes
configure:5637: checking for stdlib.h
configure:5637: result: yes
configure:5637: checking for string.h
configure:5637: result: yes
configure:5637: checking sys/time.h usability
configure:5637: gcc -c -g -O2 -I/usr/include/SDL -D_GNU_SOURCE=1 -D_REENTRANT  conftest.c >&5
configure:5637: $? = 0
configure:5637: result: yes
configure:5637: checking sys/time.h presence
configure:5637: gcc -E  conftest.c
configure:5637: $? = 0
configure:5637: result: yes
configure:5637: checking for sys/time.h
configure:5637: result: yes
configure:5637: checking for unistd.h
configure:5637: result: yes
configure:5649: checking for an ANSI C-conforming const
configure:5715: gcc -c -g -O2 -I/usr/include/SDL -D_GNU_SOURCE=1 -D_REENTRANT  conftest.c >&5
configure:5715: $? = 0
configure:5722: result: yes
configure:5730: checking for inline
configure:5746: gcc -c -g -O2 -I/usr/include/SDL -D_GNU_SOURCE=1 -D_REENTRANT  conftest.c >&5
configure:5746: $? = 0
configure:5754: result: inline
configure:5772: checking whether time.h and sys/time.h may both be included
configure:5792: gcc -c -g -O2 -I/usr/include/SDL -D_GNU_SOURCE=1 -D_REENTRANT  conftest.c >&5
configure:5792: $? = 0
configure:5799: result: yes
configure:5807: checking whether struct tm is in sys/time.h or time.h
configure:5827: gcc -c -g -O2 -I/usr/include/SDL -D_GNU_SOURCE=1 -D_REENTRANT  conftest.c >&5
configure:5827: $? = 0
configure:5834: result: time.h
configure:5842: checking whether byte ordering is bigendian
configure:5857: gcc -c -g -O2 -I/usr/include/SDL -D_GNU_SOURCE=1 -D_REENTRANT  conftest.c >&5
conftest.c:43:9: error: unknown type name 'not'
conftest.c:43:15: error: expected '=', ',', ';', 'asm' or '__attribute__' before 'universal'
conftest.c:43:15: error: unknown type name 'universal'
distcc[7201] ERROR: compile conftest.c on localhost failed
configure:5857: $? = 1
configure: failed program was:
| /* confdefs.h */
| #define PACKAGE_NAME "gngeo"
| #define PACKAGE_TARNAME "gngeo"
| #define PACKAGE_VERSION "0.8"
| #define PACKAGE_STRING "gngeo 0.8"
| #define PACKAGE_BUGREPORT ""
| #define PACKAGE_URL ""
| #define PACKAGE "gngeo"
| #define VERSION "0.8"
| #define HAVE_LIBM 1
| #define HAVE_LIBZ 1
| #define HAVE_GETOPT_LONG 1
| #define HAVE_SCANDIR 1
| #define HAVE_BASENAME 1
| #define HAVE_MMAP 1
| #define USE_CYCLONE 1
| #define USE_DRZ80 1
| #define STDC_HEADERS 1
| #define HAVE_SYS_TYPES_H 1
| #define HAVE_SYS_STAT_H 1
| #define HAVE_STDLIB_H 1
| #define HAVE_STRING_H 1
| #define HAVE_MEMORY_H 1
| #define HAVE_STRINGS_H 1
| #define HAVE_INTTYPES_H 1
| #define HAVE_STDINT_H 1
| #define HAVE_UNISTD_H 1
| #define HAVE_GL_GL_H 1
| #define USE_GL2 1
| #define HAVE_DIRENT_H 1
| #define STDC_HEADERS 1
| #define HAVE_ERRNO_H 1
| #define HAVE_LIMITS_H 1
| #define HAVE_MALLOC_H 1
| #define HAVE_STDDEF_H 1
| #define HAVE_STDLIB_H 1
| #define HAVE_STRING_H 1
| #define HAVE_SYS_TIME_H 1
| #define HAVE_UNISTD_H 1
| #define TIME_WITH_SYS_TIME 1
| /* end confdefs.h.  */
| #ifndef __APPLE_CC__
| 	       not a universal capable compiler
| 	     #endif
| 	     typedef int dummy;
| 
configure:5902: gcc -c -g -O2 -I/usr/include/SDL -D_GNU_SOURCE=1 -D_REENTRANT  conftest.c >&5
configure:5902: $? = 0
configure:5920: gcc -c -g -O2 -I/usr/include/SDL -D_GNU_SOURCE=1 -D_REENTRANT  conftest.c >&5
conftest.c: In function 'main':
conftest.c:49:4: error: unknown type name 'not'
conftest.c:49:12: error: expected '=', ',', ';', 'asm' or '__attribute__' before 'endian'
distcc[7219] ERROR: compile conftest.c on localhost failed
configure:5920: $? = 1
configure: failed program was:
| /* confdefs.h */
| #define PACKAGE_NAME "gngeo"
| #define PACKAGE_TARNAME "gngeo"
| #define PACKAGE_VERSION "0.8"
| #define PACKAGE_STRING "gngeo 0.8"
| #define PACKAGE_BUGREPORT ""
| #define PACKAGE_URL ""
| #define PACKAGE "gngeo"
| #define VERSION "0.8"
| #define HAVE_LIBM 1
| #define HAVE_LIBZ 1
| #define HAVE_GETOPT_LONG 1
| #define HAVE_SCANDIR 1
| #define HAVE_BASENAME 1
| #define HAVE_MMAP 1
| #define USE_CYCLONE 1
| #define USE_DRZ80 1
| #define STDC_HEADERS 1
| #define HAVE_SYS_TYPES_H 1
| #define HAVE_SYS_STAT_H 1
| #define HAVE_STDLIB_H 1
| #define HAVE_STRING_H 1
| #define HAVE_MEMORY_H 1
| #define HAVE_STRINGS_H 1
| #define HAVE_INTTYPES_H 1
| #define HAVE_STDINT_H 1
| #define HAVE_UNISTD_H 1
| #define HAVE_GL_GL_H 1
| #define USE_GL2 1
| #define HAVE_DIRENT_H 1
| #define STDC_HEADERS 1
| #define HAVE_ERRNO_H 1
| #define HAVE_LIMITS_H 1
| #define HAVE_MALLOC_H 1
| #define HAVE_STDDEF_H 1
| #define HAVE_STDLIB_H 1
| #define HAVE_STRING_H 1
| #define HAVE_SYS_TIME_H 1
| #define HAVE_UNISTD_H 1
| #define TIME_WITH_SYS_TIME 1
| /* end confdefs.h.  */
| #include <sys/types.h>
| 		#include <sys/param.h>
| 
| int
| main ()
| {
| #if BYTE_ORDER != BIG_ENDIAN
| 		 not big endian
| 		#endif
| 
|   ;
|   return 0;
| }
configure:6048: result: no
configure:6070: checking for vprintf
configure:6070: gcc -o conftest -g -O2 -I/usr/include/SDL -D_GNU_SOURCE=1 -D_REENTRANT   conftest.c -lz -lm  -L/usr/lib/arm-linux-gnueabihf -lSDL >&5
conftest.c:65:6: warning: conflicting types for built-in function 'vprintf' [enabled by default]
configure:6070: $? = 0
configure:6070: result: yes
configure:6076: checking for _doprnt
configure:6076: gcc -o conftest -g -O2 -I/usr/include/SDL -D_GNU_SOURCE=1 -D_REENTRANT   conftest.c -lz -lm  -L/usr/lib/arm-linux-gnueabihf -lSDL >&5
/tmp/cckRz79u.o: In function `main':
/home/pi/GnGeo-Pi/gngeo/conftest.c:77: undefined reference to `_doprnt'
collect2: ld returned 1 exit status
distcc[7246] ERROR: compile conftest.c on localhost failed
configure:6076: $? = 1
configure: failed program was:
| /* confdefs.h */
| #define PACKAGE_NAME "gngeo"
| #define PACKAGE_TARNAME "gngeo"
| #define PACKAGE_VERSION "0.8"
| #define PACKAGE_STRING "gngeo 0.8"
| #define PACKAGE_BUGREPORT ""
| #define PACKAGE_URL ""
| #define PACKAGE "gngeo"
| #define VERSION "0.8"
| #define HAVE_LIBM 1
| #define HAVE_LIBZ 1
| #define HAVE_GETOPT_LONG 1
| #define HAVE_SCANDIR 1
| #define HAVE_BASENAME 1
| #define HAVE_MMAP 1
| #define USE_CYCLONE 1
| #define USE_DRZ80 1
| #define STDC_HEADERS 1
| #define HAVE_SYS_TYPES_H 1
| #define HAVE_SYS_STAT_H 1
| #define HAVE_STDLIB_H 1
| #define HAVE_STRING_H 1
| #define HAVE_MEMORY_H 1
| #define HAVE_STRINGS_H 1
| #define HAVE_INTTYPES_H 1
| #define HAVE_STDINT_H 1
| #define HAVE_UNISTD_H 1
| #define HAVE_GL_GL_H 1
| #define USE_GL2 1
| #define HAVE_DIRENT_H 1
| #define STDC_HEADERS 1
| #define HAVE_ERRNO_H 1
| #define HAVE_LIMITS_H 1
| #define HAVE_MALLOC_H 1
| #define HAVE_STDDEF_H 1
| #define HAVE_STDLIB_H 1
| #define HAVE_STRING_H 1
| #define HAVE_SYS_TIME_H 1
| #define HAVE_UNISTD_H 1
| #define TIME_WITH_SYS_TIME 1
| #define HAVE_VPRINTF 1
| /* end confdefs.h.  */
| /* Define _doprnt to an innocuous variant, in case <limits.h> declares _doprnt.
|    For example, HP-UX 11i <limits.h> declares gettimeofday.  */
| #define _doprnt innocuous__doprnt
| 
| /* System header to define __stub macros and hopefully few prototypes,
|     which can conflict with char _doprnt (); below.
|     Prefer <limits.h> to <assert.h> if __STDC__ is defined, since
|     <limits.h> exists even on freestanding compilers.  */
| 
| #ifdef __STDC__
| # include <limits.h>
| #else
| # include <assert.h>
| #endif
| 
| #undef _doprnt
| 
| /* Override any GCC internal prototype to avoid an error.
|    Use char because int might match the return type of a GCC
|    builtin and then its argument prototype would still apply.  */
| #ifdef __cplusplus
| extern "C"
| #endif
| char _doprnt ();
| /* The GNU C library defines this for functions which it implements
|     to always fail with ENOSYS.  Some functions are actually named
|     something starting with __ and the normal name is an alias.  */
| #if defined __stub__doprnt || defined __stub____doprnt
| choke me
| #endif
| 
| int
| main ()
| {
| return _doprnt ();
|   ;
|   return 0;
| }
configure:6076: result: no
configure:6090: checking for atexit
configure:6090: gcc -o conftest -g -O2 -I/usr/include/SDL -D_GNU_SOURCE=1 -D_REENTRANT   conftest.c -lz -lm  -L/usr/lib/arm-linux-gnueabihf -lSDL >&5
configure:6090: $? = 0
configure:6090: result: yes
configure:6090: checking for floor
configure:6090: gcc -o conftest -g -O2 -I/usr/include/SDL -D_GNU_SOURCE=1 -D_REENTRANT   conftest.c -lz -lm  -L/usr/lib/arm-linux-gnueabihf -lSDL >&5
conftest.c:67:6: warning: conflicting types for built-in function 'floor' [enabled by default]
configure:6090: $? = 0
configure:6090: result: yes
configure:6090: checking for gettimeofday
configure:6090: gcc -o conftest -g -O2 -I/usr/include/SDL -D_GNU_SOURCE=1 -D_REENTRANT   conftest.c -lz -lm  -L/usr/lib/arm-linux-gnueabihf -lSDL >&5
configure:6090: $? = 0
configure:6090: result: yes
configure:6090: checking for memset
configure:6090: gcc -o conftest -g -O2 -I/usr/include/SDL -D_GNU_SOURCE=1 -D_REENTRANT   conftest.c -lz -lm  -L/usr/lib/arm-linux-gnueabihf -lSDL >&5
conftest.c:69:6: warning: conflicting types for built-in function 'memset' [enabled by default]
configure:6090: $? = 0
configure:6090: result: yes
configure:6090: checking for mkdir
configure:6090: gcc -o conftest -g -O2 -I/usr/include/SDL -D_GNU_SOURCE=1 -D_REENTRANT   conftest.c -lz -lm  -L/usr/lib/arm-linux-gnueabihf -lSDL >&5
configure:6090: $? = 0
configure:6090: result: yes
configure:6090: checking for pow
configure:6090: gcc -o conftest -g -O2 -I/usr/include/SDL -D_GNU_SOURCE=1 -D_REENTRANT   conftest.c -lz -lm  -L/usr/lib/arm-linux-gnueabihf -lSDL >&5
conftest.c:71:6: warning: conflicting types for built-in function 'pow' [enabled by default]
configure:6090: $? = 0
configure:6090: result: yes
configure:6090: checking for strchr
configure:6090: gcc -o conftest -g -O2 -I/usr/include/SDL -D_GNU_SOURCE=1 -D_REENTRANT   conftest.c -lz -lm  -L/usr/lib/arm-linux-gnueabihf -lSDL >&5
conftest.c:72:6: warning: conflicting types for built-in function 'strchr' [enabled by default]
configure:6090: $? = 0
configure:6090: result: yes
configure:6090: checking for strstr
configure:6090: gcc -o conftest -g -O2 -I/usr/include/SDL -D_GNU_SOURCE=1 -D_REENTRANT   conftest.c -lz -lm  -L/usr/lib/arm-linux-gnueabihf -lSDL >&5
conftest.c:73:6: warning: conflicting types for built-in function 'strstr' [enabled by default]
configure:6090: $? = 0
configure:6090: result: yes
configure:6090: checking for strtoul
configure:6090: gcc -o conftest -g -O2 -I/usr/include/SDL -D_GNU_SOURCE=1 -D_REENTRANT   conftest.c -lz -lm  -L/usr/lib/arm-linux-gnueabihf -lSDL >&5
configure:6090: $? = 0
configure:6090: result: yes
configure:6141: result: Turning on arm processor optimisations
configure:6357: creating ./config.status

## ---------------- ##
## Cache variables. ##
## ---------------- ##

ac_cv_build=armv6l-unknown-linux-gnu
ac_cv_c_bigendian=no
ac_cv_c_compiler_gnu=yes
ac_cv_c_const=yes
ac_cv_c_inline=inline
ac_cv_env_CCASFLAGS_set=
ac_cv_env_CCASFLAGS_value=
ac_cv_env_CCAS_set=
ac_cv_env_CCAS_value=
ac_cv_env_CC_set=
ac_cv_env_CC_value=
ac_cv_env_CFLAGS_set=
ac_cv_env_CFLAGS_value=
ac_cv_env_CPPFLAGS_set=
ac_cv_env_CPPFLAGS_value=
ac_cv_env_CPP_set=
ac_cv_env_CPP_value=
ac_cv_env_LDFLAGS_set=
ac_cv_env_LDFLAGS_value=
ac_cv_env_LIBS_set=
ac_cv_env_LIBS_value=
ac_cv_env_build_alias_set=
ac_cv_env_build_alias_value=
ac_cv_env_host_alias_set=set
ac_cv_env_host_alias_value=arm-linux
ac_cv_env_target_alias_set=set
ac_cv_env_target_alias_value=arm-linux
ac_cv_func__doprnt=no
ac_cv_func_atexit=yes
ac_cv_func_basename=yes
ac_cv_func_floor=yes
ac_cv_func_getopt_long=yes
ac_cv_func_gettimeofday=yes
ac_cv_func_memset=yes
ac_cv_func_mkdir=yes
ac_cv_func_mmap=yes
ac_cv_func_pow=yes
ac_cv_func_scandir=yes
ac_cv_func_strchr=yes
ac_cv_func_strstr=yes
ac_cv_func_strtoul=yes
ac_cv_func_vprintf=yes
ac_cv_header_GL_gl_h=yes
ac_cv_header_dirent_dirent_h=yes
ac_cv_header_errno_h=yes
ac_cv_header_inttypes_h=yes
ac_cv_header_limits_h=yes
ac_cv_header_malloc_h=yes
ac_cv_header_memory_h=yes
ac_cv_header_stdc=yes
ac_cv_header_stddef_h=yes
ac_cv_header_stdint_h=yes
ac_cv_header_stdlib_h=yes
ac_cv_header_string_h=yes
ac_cv_header_strings_h=yes
ac_cv_header_sys_stat_h=yes
ac_cv_header_sys_time_h=yes
ac_cv_header_sys_types_h=yes
ac_cv_header_time=yes
ac_cv_header_unistd_h=yes
ac_cv_host=arm-unknown-linux-gnu
ac_cv_lib_m_acos=yes
ac_cv_lib_z_inflate=yes
ac_cv_objext=o
ac_cv_path_EGREP='/bin/grep -E'
ac_cv_path_GREP=/bin/grep
ac_cv_path_SDL_CONFIG=/usr/bin/sdl-config
ac_cv_path_install='/usr/bin/install -c'
ac_cv_path_mkdir=/bin/mkdir
ac_cv_prog_AWK=mawk
ac_cv_prog_CPP='gcc -E'
ac_cv_prog_ac_ct_CC=gcc
ac_cv_prog_ac_ct_RANLIB=ranlib
ac_cv_prog_ac_ct_STRIP=strip
ac_cv_prog_cc_c89=
ac_cv_prog_cc_g=yes
ac_cv_prog_make_make_set=yes
ac_cv_search_opendir='none required'
ac_cv_struct_tm=time.h
ac_cv_target=arm-unknown-linux-gnu
am_cv_CCAS_dependencies_compiler_type=gcc3
am_cv_CC_dependencies_compiler_type=gcc3
am_cv_make_support_nested_variables=yes

## ----------------- ##
## Output variables. ##
## ----------------- ##

ACLOCAL='${SHELL} /home/pi/GnGeo-Pi/gngeo/missing --run aclocal-1.11'
AMDEPBACKSLASH='\'
AMDEP_FALSE='#'
AMDEP_TRUE=''
AMTAR='$${TAR-tar}'
AM_BACKSLASH='\'
AM_DEFAULT_V='$(AM_DEFAULT_VERBOSITY)'
AM_DEFAULT_VERBOSITY='1'
AM_V='$(V)'
AUTOCONF='${SHELL} /home/pi/GnGeo-Pi/gngeo/missing --run autoconf'
AUTOHEADER='${SHELL} /home/pi/GnGeo-Pi/gngeo/missing --run autoheader'
AUTOMAKE='${SHELL} /home/pi/GnGeo-Pi/gngeo/missing --run automake-1.11'
AWK='mawk'
CC='gcc'
CCAS='gcc'
CCASDEPMODE='depmode=gcc3'
CCASFLAGS='-g -O2'
CCDEPMODE='depmode=gcc3'
CC_FOR_BUILD='gcc'
CFLAGS='-g -O2 -I/usr/include/SDL -D_GNU_SOURCE=1 -D_REENTRANT -O3 -Wall -ftracer -fstrength-reduce -Wno-unused -funroll-loops                     -fomit-frame-pointer -fstrict-aliasing -ffast-math 	   	    '
CPP='gcc -E'
CPPFLAGS=''
CYGPATH_W='echo'
DEFS='-DHAVE_CONFIG_H'
DEPDIR='.deps'
ECHO_C=''
ECHO_N='-n'
ECHO_T=''
EGREP='/bin/grep -E'
EXEEXT=''
GREP='/bin/grep'
HAVE_NASM_FALSE=''
HAVE_NASM_TRUE='#'
INSTALL_DATA='${INSTALL} -m 644'
INSTALL_PROGRAM='${INSTALL}'
INSTALL_SCRIPT='${INSTALL}'
INSTALL_STRIP_PROGRAM='$(install_sh) -c -s'
LDFLAGS=''
LIBOBJS=''
LIBS='-lz -lm  -L/usr/lib/arm-linux-gnueabihf -lSDL'
LTLIBOBJS=''
MAKEINFO='${SHELL} /home/pi/GnGeo-Pi/gngeo/missing --run makeinfo'
MKDIR_P='/bin/mkdir -p'
OBJEXT='o'
PACKAGE='gngeo'
PACKAGE_BUGREPORT=''
PACKAGE_NAME='gngeo'
PACKAGE_STRING='gngeo 0.8'
PACKAGE_TARNAME='gngeo'
PACKAGE_URL=''
PACKAGE_VERSION='0.8'
PATH_SEPARATOR=':'
PROCESSOR_ARM_FALSE='#'
PROCESSOR_ARM_TRUE=''
RANLIB='ranlib'
SDL_CFLAGS='-I/usr/include/SDL -D_GNU_SOURCE=1 -D_REENTRANT'
SDL_CONFIG='/usr/bin/sdl-config'
SDL_LIBS='-L/usr/lib/arm-linux-gnueabihf -lSDL'
SET_MAKE=''
SHELL='/bin/bash'
STRIP='strip'
USE_CYCLONE_FALSE='#'
USE_CYCLONE_TRUE=''
USE_DRZ80_FALSE='#'
USE_DRZ80_TRUE=''
USE_GENERATOR68K_FALSE=''
USE_GENERATOR68K_TRUE='#'
USE_GP2X_FALSE=''
USE_GP2X_TRUE='#'
USE_GUI_FALSE=''
USE_GUI_TRUE='#'
USE_MAMEZ80_FALSE=''
USE_MAMEZ80_TRUE='#'
USE_RAZE_FALSE=''
USE_RAZE_TRUE='#'
USE_STARSCREAM_FALSE=''
USE_STARSCREAM_TRUE='#'
USE_WIZ_FALSE=''
USE_WIZ_TRUE='#'
VERSION='0.8'
ac_ct_CC='gcc'
am__EXEEXT_FALSE=''
am__EXEEXT_TRUE='#'
am__fastdepCCAS_FALSE='#'
am__fastdepCCAS_TRUE=''
am__fastdepCC_FALSE='#'
am__fastdepCC_TRUE=''
am__include='include'
am__isrc=''
am__leading_dot='.'
am__nodep='_no'
am__quote=''
am__tar='$${TAR-tar} chof - "$$tardir"'
am__untar='$${TAR-tar} xf -'
bindir='${exec_prefix}/bin'
build='armv6l-unknown-linux-gnu'
build_alias=''
build_cpu='armv6l'
build_os='linux-gnu'
build_vendor='unknown'
datadir='${datarootdir}'
datarootdir='${prefix}/share'
docdir='${datarootdir}/doc/${PACKAGE_TARNAME}'
dvidir='${docdir}'
exec_prefix='${prefix}'
have_nasm=''
host='arm-unknown-linux-gnu'
host_alias='arm-linux'
host_cpu='arm'
host_os='linux-gnu'
host_vendor='unknown'
htmldir='${docdir}'
includedir='${prefix}/include'
infodir='${datarootdir}/info'
install_sh='${SHELL} /home/pi/GnGeo-Pi/gngeo/install-sh'
libdir='${exec_prefix}/lib'
libexecdir='${exec_prefix}/libexec'
localedir='${datarootdir}/locale'
localstatedir='${prefix}/var'
mandir='${datarootdir}/man'
mkdir_p='/bin/mkdir -p'
oldincludedir='/usr/include'
pdfdir='${docdir}'
prefix='/usr/local'
program_transform_name='s&^&arm-linux-&'
psdir='${docdir}'
sbindir='${exec_prefix}/sbin'
sharedstatedir='${prefix}/com'
sysconfdir='${prefix}/etc'
target='arm-unknown-linux-gnu'
target_alias='arm-linux'
target_cpu='arm'
target_os='linux-gnu'
target_vendor='unknown'

## ----------- ##
## confdefs.h. ##
## ----------- ##

/* confdefs.h */
#define PACKAGE_NAME "gngeo"
#define PACKAGE_TARNAME "gngeo"
#define PACKAGE_VERSION "0.8"
#define PACKAGE_STRING "gngeo 0.8"
#define PACKAGE_BUGREPORT ""
#define PACKAGE_URL ""
#define PACKAGE "gngeo"
#define VERSION "0.8"
#define HAVE_LIBM 1
#define HAVE_LIBZ 1
#define HAVE_GETOPT_LONG 1
#define HAVE_SCANDIR 1
#define HAVE_BASENAME 1
#define HAVE_MMAP 1
#define USE_CYCLONE 1
#define USE_DRZ80 1
#define STDC_HEADERS 1
#define HAVE_SYS_TYPES_H 1
#define HAVE_SYS_STAT_H 1
#define HAVE_STDLIB_H 1
#define HAVE_STRING_H 1
#define HAVE_MEMORY_H 1
#define HAVE_STRINGS_H 1
#define HAVE_INTTYPES_H 1
#define HAVE_STDINT_H 1
#define HAVE_UNISTD_H 1
#define HAVE_GL_GL_H 1
#define USE_GL2 1
#define HAVE_DIRENT_H 1
#define STDC_HEADERS 1
#define HAVE_ERRNO_H 1
#define HAVE_LIMITS_H 1
#define HAVE_MALLOC_H 1
#define HAVE_STDDEF_H 1
#define HAVE_STDLIB_H 1
#define HAVE_STRING_H 1
#define HAVE_SYS_TIME_H 1
#define HAVE_UNISTD_H 1
#define TIME_WITH_SYS_TIME 1
#define HAVE_VPRINTF 1
#define HAVE_ATEXIT 1
#define HAVE_FLOOR 1
#define HAVE_GETTIMEOFDAY 1
#define HAVE_MEMSET 1
#define HAVE_MKDIR 1
#define HAVE_POW 1
#define HAVE_STRCHR 1
#define HAVE_STRSTR 1
#define HAVE_STRTOUL 1
#define PROCESSOR_ARM 1
#define ALIGNLONGS ALIGNLONGS

configure: exit 0

## ---------------------- ##
## Running config.status. ##
## ---------------------- ##

This file was extended by gngeo config.status 0.8, which was
generated by GNU Autoconf 2.69.  Invocation command line was

  CONFIG_FILES    = 
  CONFIG_HEADERS  = 
  CONFIG_LINKS    = 
  CONFIG_COMMANDS = 
  $ ./config.status 

on raspberrypi

config.status:943: creating Makefile
config.status:943: creating gngeo.dat/Makefile
config.status:943: creating pnd/Makefile
config.status:943: creating src/Makefile
config.status:943: creating src/raze/Makefile
config.status:943: creating src/star/Makefile
config.status:943: creating src/mamez80/Makefile
config.status:943: creating src/generator68k/Makefile
config.status:943: creating src/cyclone/Makefile
config.status:943: creating src/drz80/Makefile
config.status:943: creating src/effect/Makefile
config.status:943: creating src/blitter/Makefile
config.status:943: creating src/ym2610/Makefile
config.status:943: creating config.h
config.status:1124: config.h is unchanged
config.status:1172: executing depfiles commands

## ---------------------- ##
## Running config.status. ##
## ---------------------- ##

This file was extended by gngeo config.status 0.8, which was
generated by GNU Autoconf 2.69.  Invocation command line was

  CONFIG_FILES    = 
  CONFIG_HEADERS  = 
  CONFIG_LINKS    = 
  CONFIG_COMMANDS = 
  $ ./config.status config.h

on raspberrypi

config.status:943: creating config.h
config.status:1124: config.h is unchanged
